android/app/build/intermediates/manifest_merge_blame_file/release/processReleaseMainManifest/manifest-merger-blame-release-report.txt
1<?xml version="1.0" encoding="utf-8"?>
2<manifest xmlns:android="http://schemas.android.com/apk/res/android"
3    package="com.ananta.towers"
4    android:versionCode="1"
5    android:versionName="1.0" >
6
7    <uses-sdk
8        android:minSdkVersion="26"
9        android:targetSdkVersion="34" />
10
11    <uses-permission android:name="android.permission.INTERNET" />
11-->src/main/AndroidManifest.xml:4:5-67
11-->src/main/AndroidManifest.xml:4:22-64
12    <uses-permission android:name="android.permission.CAMERA" />
12-->src/main/AndroidManifest.xml:5:5-65
12-->src/main/AndroidManifest.xml:5:22-62
13
14    <uses-feature
14-->src/main/AndroidManifest.xml:6:5-85
15        android:name="android.hardware.camera"
15-->src/main/AndroidManifest.xml:6:19-57
16        android:required="false" />
16-->src/main/AndroidManifest.xml:6:58-82
17
18    <permission
18-->[androidx.core:core:1.12.0] AndroidManifest.xml:22:5-24:47
19        android:name="com.ananta.towers.DYNAMIC_RECEIVER_NOT_EXPORTED_PERMISSION"
19-->[androidx.core:core:1.12.0] AndroidManifest.xml:23:9-81
20        android:protectionLevel="signature" />
20-->[androidx.core:core:1.12.0] AndroidManifest.xml:24:9-44
21
22    <uses-permission android:name="com.ananta.towers.DYNAMIC_RECEIVER_NOT_EXPORTED_PERMISSION" /> <!-- Although the *SdkVersion is captured in gradle build files, this is required for non gradle builds -->
22-->[androidx.core:core:1.12.0] AndroidManifest.xml:26:5-97
22-->[androidx.core:core:1.12.0] AndroidManifest.xml:26:22-94
23    <!-- <uses-sdk android:minSdkVersion="14"/> -->
24    <uses-permission android:name="android.permission.ACCESS_NETWORK_STATE" />
24-->[com.google.android.datatransport:transport-backend-cct:2.3.3] AndroidManifest.xml:25:5-79
24-->[com.google.android.datatransport:transport-backend-cct:2.3.3] AndroidManifest.xml:25:22-76
25
26    <application
26-->src/main/AndroidManifest.xml:8:5-35:19
27        android:allowBackup="true"
27-->src/main/AndroidManifest.xml:9:9-35
28        android:appComponentFactory="androidx.core.app.CoreComponentFactory"
28-->[androidx.core:core:1.12.0] AndroidManifest.xml:28:18-86
29        android:extractNativeLibs="false"
30        android:icon="@mipmap/ic_launcher"
30-->src/main/AndroidManifest.xml:10:9-43
31        android:label="Ananta Towers"
31-->src/main/AndroidManifest.xml:12:9-38
32        android:roundIcon="@mipmap/ic_launcher_round"
32-->src/main/AndroidManifest.xml:11:9-54
33        android:theme="@style/Theme.AnantaTowers"
33-->src/main/AndroidManifest.xml:13:9-50
34        android:usesCleartextTraffic="true" >
34-->src/main/AndroidManifest.xml:14:9-44
35        <activity
35-->src/main/AndroidManifest.xml:16:9-24:20
36            android:name="com.ananta.towers.MainActivity"
36-->src/main/AndroidManifest.xml:17:13-41
37            android:exported="true"
37-->src/main/AndroidManifest.xml:18:13-36
38            android:theme="@style/Theme.AnantaTowers.Splash" >
38-->src/main/AndroidManifest.xml:19:13-61
39            <intent-filter>
39-->src/main/AndroidManifest.xml:20:13-23:29
40                <action android:name="android.intent.action.MAIN" />
40-->src/main/AndroidManifest.xml:21:17-69
40-->src/main/AndroidManifest.xml:21:25-66
41
42                <category android:name="android.intent.category.LAUNCHER" />
42-->src/main/AndroidManifest.xml:22:17-77
42-->src/main/AndroidManifest.xml:22:27-74
43            </intent-filter>
44        </activity>
45
46        <provider
47            android:name="androidx.core.content.FileProvider"
47-->src/main/AndroidManifest.xml:27:13-62
48            android:authorities="com.ananta.towers.provider"
48-->src/main/AndroidManifest.xml:28:13-60
49            android:exported="false"
49-->src/main/AndroidManifest.xml:29:13-37
50            android:grantUriPermissions="true" >
50-->src/main/AndroidManifest.xml:30:13-47
51            <meta-data
51-->src/main/AndroidManifest.xml:31:13-33:54
52                android:name="android.support.FILE_PROVIDER_PATHS"
52-->src/main/AndroidManifest.xml:32:17-67
53                android:resource="@xml/file_paths" />
53-->src/main/AndroidManifest.xml:33:17-51
54        </provider>
55        <!--
56        Service for holding metadata. Cannot be instantiated.
57        Metadata will be merged from other manifests.
58        -->
59        <service
59-->[androidx.camera:camera-core:1.3.3] AndroidManifest.xml:29:9-33:78
60            android:name="androidx.camera.core.impl.MetadataHolderService"
60-->[androidx.camera:camera-core:1.3.3] AndroidManifest.xml:30:13-75
61            android:enabled="false"
61-->[androidx.camera:camera-core:1.3.3] AndroidManifest.xml:31:13-36
62            android:exported="false" >
62-->[androidx.camera:camera-core:1.3.3] AndroidManifest.xml:32:13-37
63            <meta-data
63-->[androidx.camera:camera-camera2:1.3.3] AndroidManifest.xml:30:13-32:89
64                android:name="androidx.camera.core.impl.MetadataHolderService.DEFAULT_CONFIG_PROVIDER"
64-->[androidx.camera:camera-camera2:1.3.3] AndroidManifest.xml:31:17-103
65                android:value="androidx.camera.camera2.Camera2Config$DefaultProvider" />
65-->[androidx.camera:camera-camera2:1.3.3] AndroidManifest.xml:32:17-86
66        </service>
67        <service
67-->[com.google.android.gms:play-services-mlkit-text-recognition-common:19.0.0] AndroidManifest.xml:9:9-15:19
68            android:name="com.google.mlkit.common.internal.MlKitComponentDiscoveryService"
68-->[com.google.android.gms:play-services-mlkit-text-recognition-common:19.0.0] AndroidManifest.xml:10:13-91
69            android:directBootAware="true"
69-->[com.google.mlkit:common:18.8.0] AndroidManifest.xml:17:13-43
70            android:exported="false" >
70-->[com.google.android.gms:play-services-mlkit-text-recognition-common:19.0.0] AndroidManifest.xml:11:13-37
71            <meta-data
71-->[com.google.android.gms:play-services-mlkit-text-recognition-common:19.0.0] AndroidManifest.xml:12:13-14:85
72                android:name="com.google.firebase.components:com.google.mlkit.vision.text.internal.TextRegistrar"
72-->[com.google.android.gms:play-services-mlkit-text-recognition-common:19.0.0] AndroidManifest.xml:13:17-114
73                android:value="com.google.firebase.components.ComponentRegistrar" />
73-->[com.google.android.gms:play-services-mlkit-text-recognition-common:19.0.0] AndroidManifest.xml:14:17-82
74            <meta-data
74-->[com.google.mlkit:vision-common:17.3.0] AndroidManifest.xml:12:13-14:85
75                android:name="com.google.firebase.components:com.google.mlkit.vision.common.internal.VisionCommonRegistrar"
75-->[com.google.mlkit:vision-common:17.3.0] AndroidManifest.xml:13:17-124
76                android:value="com.google.firebase.components.ComponentRegistrar" />
76-->[com.google.mlkit:vision-common:17.3.0] AndroidManifest.xml:14:17-82
77            <meta-data
77-->[com.google.mlkit:common:18.8.0] AndroidManifest.xml:20:13-22:85
78                android:name="com.google.firebase.components:com.google.mlkit.common.internal.CommonComponentRegistrar"
78-->[com.google.mlkit:common:18.8.0] AndroidManifest.xml:21:17-120
79                android:value="com.google.firebase.components.ComponentRegistrar" />
79-->[com.google.mlkit:common:18.8.0] AndroidManifest.xml:22:17-82
80        </service>
81
82        <provider
82-->[com.google.mlkit:common:18.8.0] AndroidManifest.xml:9:9-13:38
83            android:name="com.google.mlkit.common.internal.MlKitInitProvider"
83-->[com.google.mlkit:common:18.8.0] AndroidManifest.xml:10:13-78
84            android:authorities="com.ananta.towers.mlkitinitprovider"
84-->[com.google.mlkit:common:18.8.0] AndroidManifest.xml:11:13-69
85            android:exported="false"
85-->[com.google.mlkit:common:18.8.0] AndroidManifest.xml:12:13-37
86            android:initOrder="99" />
86-->[com.google.mlkit:common:18.8.0] AndroidManifest.xml:13:13-35
87
88        <activity
88-->[com.google.android.gms:play-services-base:18.1.0] AndroidManifest.xml:20:9-22:45
89            android:name="com.google.android.gms.common.api.GoogleApiActivity"
89-->[com.google.android.gms:play-services-base:18.1.0] AndroidManifest.xml:20:19-85
90            android:exported="false"
90-->[com.google.android.gms:play-services-base:18.1.0] AndroidManifest.xml:22:19-43
91            android:theme="@android:style/Theme.Translucent.NoTitleBar" />
91-->[com.google.android.gms:play-services-base:18.1.0] AndroidManifest.xml:21:19-78
92
93        <meta-data
93-->[com.google.android.gms:play-services-basement:18.1.0] AndroidManifest.xml:21:9-23:69
94            android:name="com.google.android.gms.version"
94-->[com.google.android.gms:play-services-basement:18.1.0] AndroidManifest.xml:22:13-58
95            android:value="@integer/google_play_services_version" />
95-->[com.google.android.gms:play-services-basement:18.1.0] AndroidManifest.xml:23:13-66
96
97        <provider
97-->[androidx.emoji2:emoji2:1.3.0] AndroidManifest.xml:24:9-32:20
98            android:name="androidx.startup.InitializationProvider"
98-->[androidx.emoji2:emoji2:1.3.0] AndroidManifest.xml:25:13-67
99            android:authorities="com.ananta.towers.androidx-startup"
99-->[androidx.emoji2:emoji2:1.3.0] AndroidManifest.xml:26:13-68
100            android:exported="false" >
100-->[androidx.emoji2:emoji2:1.3.0] AndroidManifest.xml:27:13-37
101            <meta-data
101-->[androidx.emoji2:emoji2:1.3.0] AndroidManifest.xml:29:13-31:52
102                android:name="androidx.emoji2.text.EmojiCompatInitializer"
102-->[androidx.emoji2:emoji2:1.3.0] AndroidManifest.xml:30:17-75
103                android:value="androidx.startup" />
103-->[androidx.emoji2:emoji2:1.3.0] AndroidManifest.xml:31:17-49
104            <meta-data
104-->[androidx.lifecycle:lifecycle-process:2.7.0] AndroidManifest.xml:29:13-31:52
105                android:name="androidx.lifecycle.ProcessLifecycleInitializer"
105-->[androidx.lifecycle:lifecycle-process:2.7.0] AndroidManifest.xml:30:17-78
106                android:value="androidx.startup" />
106-->[androidx.lifecycle:lifecycle-process:2.7.0] AndroidManifest.xml:31:17-49
107            <meta-data
107-->[androidx.profileinstaller:profileinstaller:1.3.1] AndroidManifest.xml:29:13-31:52
108                android:name="androidx.profileinstaller.ProfileInstallerInitializer"
108-->[androidx.profileinstaller:profileinstaller:1.3.1] AndroidManifest.xml:30:17-85
109                android:value="androidx.startup" />
109-->[androidx.profileinstaller:profileinstaller:1.3.1] AndroidManifest.xml:31:17-49
110        </provider>
111
112        <service
112-->[com.google.android.datatransport:transport-backend-cct:2.3.3] AndroidManifest.xml:29:9-35:19
113            android:name="com.google.android.datatransport.runtime.backends.TransportBackendDiscovery"
113-->[com.google.android.datatransport:transport-backend-cct:2.3.3] AndroidManifest.xml:30:13-103
114            android:exported="false" >
114-->[com.google.android.datatransport:transport-backend-cct:2.3.3] AndroidManifest.xml:31:13-37
115            <meta-data
115-->[com.google.android.datatransport:transport-backend-cct:2.3.3] AndroidManifest.xml:32:13-34:39
116                android:name="backend:com.google.android.datatransport.cct.CctBackendFactory"
116-->[com.google.android.datatransport:transport-backend-cct:2.3.3] AndroidManifest.xml:33:17-94
117                android:value="cct" />
117-->[com.google.android.datatransport:transport-backend-cct:2.3.3] AndroidManifest.xml:34:17-36
118        </service>
119        <service
119-->[com.google.android.datatransport:transport-runtime:2.2.6] AndroidManifest.xml:26:9-30:19
120            android:name="com.google.android.datatransport.runtime.scheduling.jobscheduling.JobInfoSchedulerService"
120-->[com.google.android.datatransport:transport-runtime:2.2.6] AndroidManifest.xml:27:13-117
121            android:exported="false"
121-->[com.google.android.datatransport:transport-runtime:2.2.6] AndroidManifest.xml:28:13-37
122            android:permission="android.permission.BIND_JOB_SERVICE" >
122-->[com.google.android.datatransport:transport-runtime:2.2.6] AndroidManifest.xml:29:13-69
123        </service>
124
125        <receiver
125-->[com.google.android.datatransport:transport-runtime:2.2.6] AndroidManifest.xml:32:9-34:40
126            android:name="com.google.android.datatransport.runtime.scheduling.jobscheduling.AlarmManagerSchedulerBroadcastReceiver"
126-->[com.google.android.datatransport:transport-runtime:2.2.6] AndroidManifest.xml:33:13-132
127            android:exported="false" />
127-->[com.google.android.datatransport:transport-runtime:2.2.6] AndroidManifest.xml:34:13-37
128        <receiver
128-->[androidx.profileinstaller:profileinstaller:1.3.1] AndroidManifest.xml:34:9-52:20
129            android:name="androidx.profileinstaller.ProfileInstallReceiver"
129-->[androidx.profileinstaller:profileinstaller:1.3.1] AndroidManifest.xml:35:13-76
130            android:directBootAware="false"
130-->[androidx.profileinstaller:profileinstaller:1.3.1] AndroidManifest.xml:36:13-44
131            android:enabled="true"
131-->[androidx.profileinstaller:profileinstaller:1.3.1] AndroidManifest.xml:37:13-35
132            android:exported="true"
132-->[androidx.profileinstaller:profileinstaller:1.3.1] AndroidManifest.xml:38:13-36
133            android:permission="android.permission.DUMP" >
133-->[androidx.profileinstaller:profileinstaller:1.3.1] AndroidManifest.xml:39:13-57
134            <intent-filter>
134-->[androidx.profileinstaller:profileinstaller:1.3.1] AndroidManifest.xml:40:13-42:29
135                <action android:name="androidx.profileinstaller.action.INSTALL_PROFILE" />
135-->[androidx.profileinstaller:profileinstaller:1.3.1] AndroidManifest.xml:41:17-91
135-->[androidx.profileinstaller:profileinstaller:1.3.1] AndroidManifest.xml:41:25-88
136            </intent-filter>
137            <intent-filter>
137-->[androidx.profileinstaller:profileinstaller:1.3.1] AndroidManifest.xml:43:13-45:29
138                <action android:name="androidx.profileinstaller.action.SKIP_FILE" />
138-->[androidx.profileinstaller:profileinstaller:1.3.1] AndroidManifest.xml:44:17-85
138-->[androidx.profileinstaller:profileinstaller:1.3.1] AndroidManifest.xml:44:25-82
139            </intent-filter>
140            <intent-filter>
140-->[androidx.profileinstaller:profileinstaller:1.3.1] AndroidManifest.xml:46:13-48:29
141                <action android:name="androidx.profileinstaller.action.SAVE_PROFILE" />
141-->[androidx.profileinstaller:profileinstaller:1.3.1] AndroidManifest.xml:47:17-88
141-->[androidx.profileinstaller:profileinstaller:1.3.1] AndroidManifest.xml:47:25-85
142            </intent-filter>
143            <intent-filter>
143-->[androidx.profileinstaller:profileinstaller:1.3.1] AndroidManifest.xml:49:13-51:29
144                <action android:name="androidx.profileinstaller.action.BENCHMARK_OPERATION" />
144-->[androidx.profileinstaller:profileinstaller:1.3.1] AndroidManifest.xml:50:17-95
144-->[androidx.profileinstaller:profileinstaller:1.3.1] AndroidManifest.xml:50:25-92
145            </intent-filter>
146        </receiver>
147    </application>
148
149</manifest>